2024-12-10 16:14:12,091 - child - INFO - Starting processing for Child URL rank 1 of Parent rank 1: https://www.cmsdistribution.com/vendors/sphero
2024-12-10 16:14:12,229 - child - INFO - Fetched HTML content for Child URL rank 1 of Parent rank 1: https://www.cmsdistribution.com/vendors/sphero
2024-12-10 16:14:12,249 - child - INFO - Extracted plain text for Child URL rank 1 of Parent rank 1: https://www.cmsdistribution.com/vendors/sphero
2024-12-10 16:14:12,250 - child - INFO - Generated file path for Child URL rank 1 of Parent rank 1: web_content\child_www.cmsdistribution.com.txt
2024-12-10 16:14:12,251 - child - INFO - Saved text content to file for Child URL rank 1 of Parent rank 1: web_content\child_www.cmsdistribution.com.txt
2024-12-10 16:14:16,082 - child - INFO - Analysis result for Child URL rank 1 of Parent rank 1 (https://www.cmsdistribution.com/vendors/sphero): - Answer: No  
  Reason: The website does not mention any brands related to WaterH's product field such as water bottles or smart wearables. Instead, its focus is on educational technology and robotics, which does not align with the categories relevant to WaterH’s product market. Additionally, while the company operates in the consumer electronics sector, there is no clear overlap with the specific niche of smart water bottles.
2024-12-10 16:14:16,083 - child - INFO - Starting processing for Child URL rank 2 of Parent rank 1: https://www.cmsdistribution.com/vendors/stealth
2024-12-10 16:14:16,205 - child - INFO - Fetched HTML content for Child URL rank 2 of Parent rank 1: https://www.cmsdistribution.com/vendors/stealth
2024-12-10 16:14:16,224 - child - INFO - Extracted plain text for Child URL rank 2 of Parent rank 1: https://www.cmsdistribution.com/vendors/stealth
2024-12-10 16:14:16,224 - child - INFO - Generated file path for Child URL rank 2 of Parent rank 1: web_content\child_www.cmsdistribution.com.txt
2024-12-10 16:14:16,225 - child - INFO - Saved text content to file for Child URL rank 2 of Parent rank 1: web_content\child_www.cmsdistribution.com.txt
2024-12-10 16:14:21,702 - child - INFO - Analysis result for Child URL rank 2 of Parent rank 1 (https://www.cmsdistribution.com/vendors/stealth): 1. **Answer:** No  
2. **Reason:** The website primarily focuses on gaming accessories and consumer electronics, particularly related to gaming. It does not mention any brands that are specifically related to water bottles or smart wearables, nor does it indicate a presence in sectors directly aligned with WaterH's product offerings. While consumer electronics is a relevant category, the focus on gaming accessories does not overlap sufficiently with the smart water bottle market.
2024-12-10 16:14:21,703 - child - INFO - Starting processing for Child URL rank 3 of Parent rank 1: https://www.cmsdistribution.com/awards
2024-12-10 16:14:21,876 - child - INFO - Fetched HTML content for Child URL rank 3 of Parent rank 1: https://www.cmsdistribution.com/awards
2024-12-10 16:14:21,903 - child - INFO - Extracted plain text for Child URL rank 3 of Parent rank 1: https://www.cmsdistribution.com/awards
2024-12-10 16:14:21,903 - child - INFO - Generated file path for Child URL rank 3 of Parent rank 1: web_content\child_www.cmsdistribution.com.txt
2024-12-10 16:14:21,904 - child - INFO - Saved text content to file for Child URL rank 3 of Parent rank 1: web_content\child_www.cmsdistribution.com.txt
2024-12-10 16:14:25,439 - child - INFO - Analysis result for Child URL rank 3 of Parent rank 1 (https://www.cmsdistribution.com/awards): 1. **Answer:** No  
2. **Reason:** The content does not mention any brands related to water bottles or smart wearables that are directly comparable to WaterH. While the company operates in consumer electronics, which could overlap with smart products, there is no specific mention of relevant brands or product categories that would strongly indicate an existing connection to WaterH’s product field.
2024-12-10 16:14:35,599 - child - INFO - Starting processing for Child URL rank 1 of Parent rank 2: https://www.go10.co.uk/#!/about
2024-12-10 16:14:37,124 - child - INFO - Fetched HTML content for Child URL rank 1 of Parent rank 2: https://www.go10.co.uk/#!/about
2024-12-10 16:14:37,152 - child - INFO - Extracted plain text for Child URL rank 1 of Parent rank 2: https://www.go10.co.uk/#!/about
2024-12-10 16:14:37,152 - child - INFO - Generated file path for Child URL rank 1 of Parent rank 2: web_content\child_www.go10.co.uk.txt
2024-12-10 16:14:37,153 - child - INFO - Saved text content to file for Child URL rank 1 of Parent rank 2: web_content\child_www.go10.co.uk.txt
2024-12-10 16:14:41,949 - child - INFO - Analysis result for Child URL rank 1 of Parent rank 2 (https://www.go10.co.uk/#!/about): 1. **Answer:** No  
2. **Reason:** The company does not showcase any brands like WaterH's product field (smart water bottles or wearables) in their listed partnerships. While they do carry various consumer electronics and smart products, none appear directly relevant to WaterH's specific category of smart hydration solutions. Therefore, they do not qualify as a potential distributor for WaterH.
2024-12-10 16:14:41,949 - child - INFO - Starting processing for Child URL rank 2 of Parent rank 2: https://www.go10.co.uk/wp-content/uploads/2019/04/Harrods.jpg
2024-12-10 16:14:43,051 - child - INFO - Fetched HTML content for Child URL rank 2 of Parent rank 2: https://www.go10.co.uk/wp-content/uploads/2019/04/Harrods.jpg
2024-12-10 16:14:43,053 - child - INFO - Extracted plain text for Child URL rank 2 of Parent rank 2: https://www.go10.co.uk/wp-content/uploads/2019/04/Harrods.jpg
2024-12-10 16:14:43,053 - child - INFO - Generated file path for Child URL rank 2 of Parent rank 2: web_content\child_www.go10.co.uk.txt
2024-12-10 16:14:43,054 - child - INFO - Saved text content to file for Child URL rank 2 of Parent rank 2: web_content\child_www.go10.co.uk.txt
2024-12-10 16:14:54,190 - child - INFO - Analysis result for Child URL rank 2 of Parent rank 2 (https://www.go10.co.uk/wp-content/uploads/2019/04/Harrods.jpg): 1. **Answer:** No  
   **Reason:** The website content does not mention any brands related to WaterH’s product field, such as those listed in the criteria (e.g., BlendJet, Klean Kanteen). It also doesn't operate in any relevant sectors like smart products, outdoor gear, or consumer electronics that could overlap with the smart water bottle market.
2024-12-10 16:14:54,191 - child - INFO - Starting processing for Child URL rank 3 of Parent rank 2: https://www.go10.co.uk/#!/bottom
2024-12-10 16:14:55,703 - child - INFO - Fetched HTML content for Child URL rank 3 of Parent rank 2: https://www.go10.co.uk/#!/bottom
2024-12-10 16:14:55,733 - child - INFO - Extracted plain text for Child URL rank 3 of Parent rank 2: https://www.go10.co.uk/#!/bottom
2024-12-10 16:14:55,733 - child - INFO - Generated file path for Child URL rank 3 of Parent rank 2: web_content\child_www.go10.co.uk.txt
2024-12-10 16:14:55,734 - child - INFO - Saved text content to file for Child URL rank 3 of Parent rank 2: web_content\child_www.go10.co.uk.txt
2024-12-10 16:28:44,213 - child - INFO - Fetched HTML content for Child URL rank 1 of Parent rank 1: https://www.cmsdistribution.com/vendors/wenger
2024-12-10 16:28:44,231 - child - INFO - Extracted plain text for Child URL rank 1 of Parent rank 1: https://www.cmsdistribution.com/vendors/wenger
2024-12-10 16:28:44,232 - child - INFO - Saved text content to file for Child URL rank 1 of Parent rank 1: web_content\child_www.cmsdistribution.com.txt
2024-12-10 16:28:44,281 - child - ERROR - Failed to process Child URL rank 2 of Parent rank 1, URL: https://www.cmsdistribution.com/privacy-notice. Error: HTTPSConnectionPool(host='www.cmsdistribution.com', port=443): Max retries exceeded with url: /privacy-notice (Caused by SSLError(SSLEOFError(8, '[SSL: UNEXPECTED_EOF_WHILE_READING] EOF occurred in violation of protocol (_ssl.c:1018)')))
urllib3.exceptions.SSLError: [SSL: UNEXPECTED_EOF_WHILE_READING] EOF occurred in violation of protocol (_ssl.c:1018)

The above exception was the direct cause of the following exception:

Traceback (most recent call last):
  File "C:\Users\ytq23\OneDrive\Code\PycharmProjects\Google_Scraper\.venv\Lib\site-packages\requests\adapters.py", line 667, in send
    resp = conn.urlopen(
        method=request.method,
    ...<9 lines>...
        chunked=chunked,
    )
  File "C:\Users\ytq23\OneDrive\Code\PycharmProjects\Google_Scraper\.venv\Lib\site-packages\urllib3\connectionpool.py", line 843, in urlopen
    retries = retries.increment(
        method, url, error=new_e, _pool=self, _stacktrace=sys.exc_info()[2]
    )
  File "C:\Users\ytq23\OneDrive\Code\PycharmProjects\Google_Scraper\.venv\Lib\site-packages\urllib3\util\retry.py", line 519, in increment
    raise MaxRetryError(_pool, url, reason) from reason  # type: ignore[arg-type]
    ^^^^^^^^^^^^^^^^^^^^^^^^^^^^^^^^^^^^^^^^^^^^^^^^^^^
urllib3.exceptions.MaxRetryError: HTTPSConnectionPool(host='www.cmsdistribution.com', port=443): Max retries exceeded with url: /privacy-notice (Caused by SSLError(SSLEOFError(8, '[SSL: UNEXPECTED_EOF_WHILE_READING] EOF occurred in violation of protocol (_ssl.c:1018)')))

During handling of the above exception, another exception occurred:

Traceback (most recent call last):
  File "C:\Users\ytq23\OneDrive\Code\PycharmProjects\Google_Scraper\main.py", line 70, in process_child_url
    html_content = fetch_html_content(child_url)
  File "C:\Users\ytq23\OneDrive\Code\PycharmProjects\Google_Scraper\log_utils.py", line 45, in wrapper
    result = func(*args, **kwargs)
  File "C:\Users\ytq23\OneDrive\Code\PycharmProjects\Google_Scraper\web_scraper.py", line 24, in fetch_html_content
    response = requests.get(url, headers=headers, timeout=10)
  File "C:\Users\ytq23\OneDrive\Code\PycharmProjects\Google_Scraper\.venv\Lib\site-packages\requests\api.py", line 73, in get
    return request("get", url, params=params, **kwargs)
  File "C:\Users\ytq23\OneDrive\Code\PycharmProjects\Google_Scraper\.venv\Lib\site-packages\requests\api.py", line 59, in request
    return session.request(method=method, url=url, **kwargs)
           ~~~~~~~~~~~~~~~^^^^^^^^^^^^^^^^^^^^^^^^^^^^^^^^^^
  File "C:\Users\ytq23\OneDrive\Code\PycharmProjects\Google_Scraper\.venv\Lib\site-packages\requests\sessions.py", line 589, in request
    resp = self.send(prep, **send_kwargs)
  File "C:\Users\ytq23\OneDrive\Code\PycharmProjects\Google_Scraper\.venv\Lib\site-packages\requests\sessions.py", line 703, in send
    r = adapter.send(request, **kwargs)
  File "C:\Users\ytq23\OneDrive\Code\PycharmProjects\Google_Scraper\.venv\Lib\site-packages\requests\adapters.py", line 698, in send
    raise SSLError(e, request=request)
requests.exceptions.SSLError: HTTPSConnectionPool(host='www.cmsdistribution.com', port=443): Max retries exceeded with url: /privacy-notice (Caused by SSLError(SSLEOFError(8, '[SSL: UNEXPECTED_EOF_WHILE_READING] EOF occurred in violation of protocol (_ssl.c:1018)')))
2024-12-10 16:28:44,381 - child - INFO - Fetched HTML content for Child URL rank 3 of Parent rank 1: https://www.cmsdistribution.com/vendors/xplora
2024-12-10 16:28:44,398 - child - INFO - Extracted plain text for Child URL rank 3 of Parent rank 1: https://www.cmsdistribution.com/vendors/xplora
2024-12-10 16:28:44,399 - child - INFO - Saved text content to file for Child URL rank 3 of Parent rank 1: web_content\child_www.cmsdistribution.com.txt
2024-12-10 16:29:01,046 - child - INFO - Fetched HTML content for Child URL rank 1 of Parent rank 2: https://www.go10.co.uk/wp-content/uploads/2019/04/gear4music.jpg
2024-12-10 16:29:01,048 - child - INFO - Extracted plain text for Child URL rank 1 of Parent rank 2: https://www.go10.co.uk/wp-content/uploads/2019/04/gear4music.jpg
2024-12-10 16:29:01,049 - child - INFO - Saved text content to file for Child URL rank 1 of Parent rank 2: web_content\child_www.go10.co.uk.txt
2024-12-10 16:29:02,278 - child - INFO - Fetched HTML content for Child URL rank 2 of Parent rank 2: https://www.go10.co.uk/wp-content/uploads/2019/04/costco.jpg
2024-12-10 16:29:02,282 - child - INFO - Extracted plain text for Child URL rank 2 of Parent rank 2: https://www.go10.co.uk/wp-content/uploads/2019/04/costco.jpg
2024-12-10 16:29:02,284 - child - INFO - Saved text content to file for Child URL rank 2 of Parent rank 2: web_content\child_www.go10.co.uk.txt
2024-12-10 16:29:03,330 - child - INFO - Fetched HTML content for Child URL rank 3 of Parent rank 2: https://www.go10.co.uk/wp-content/uploads/2017/12/argos.jpg
2024-12-10 16:29:03,332 - child - INFO - Extracted plain text for Child URL rank 3 of Parent rank 2: https://www.go10.co.uk/wp-content/uploads/2017/12/argos.jpg
2024-12-10 16:29:03,333 - child - INFO - Saved text content to file for Child URL rank 3 of Parent rank 2: web_content\child_www.go10.co.uk.txt
2024-12-10 16:30:02,630 - child - INFO - Fetched HTML content for Child URL rank 1 of Parent rank 3: https://thamesdistribution.com/vendors/netatmo/
2024-12-10 16:30:02,640 - child - INFO - Extracted plain text for Child URL rank 1 of Parent rank 3: https://thamesdistribution.com/vendors/netatmo/
2024-12-10 16:30:02,641 - child - INFO - Saved text content to file for Child URL rank 1 of Parent rank 3: web_content\child_thamesdistribution.com.txt
2024-12-10 16:30:03,516 - child - INFO - Fetched HTML content for Child URL rank 2 of Parent rank 3: https://thamesdistribution.com/vendors/3011/
2024-12-10 16:30:03,526 - child - INFO - Extracted plain text for Child URL rank 2 of Parent rank 3: https://thamesdistribution.com/vendors/3011/
2024-12-10 16:30:03,527 - child - INFO - Saved text content to file for Child URL rank 2 of Parent rank 3: web_content\child_thamesdistribution.com.txt
2024-12-10 16:30:04,431 - child - INFO - Fetched HTML content for Child URL rank 3 of Parent rank 3: https://thamesdistribution.com/vendors/airthings/
2024-12-10 16:30:04,442 - child - INFO - Extracted plain text for Child URL rank 3 of Parent rank 3: https://thamesdistribution.com/vendors/airthings/
2024-12-10 16:30:04,443 - child - INFO - Saved text content to file for Child URL rank 3 of Parent rank 3: web_content\child_thamesdistribution.com.txt
